00:00:00.031	_InvokeMethodFast:StartToFile 2009-11-25 04:18:15
00:00:00.093	_InvokeMethodFast:MapWinUtility:Colors:ClassDir ['ColorToInteger', 'ColorToUInteger', 'Equals', 'GetHashCode', 'GetRGB', 'GetType', 'HSLToRGB', 'IntegerToColor', 'MemberwiseClone', 'ReferenceEquals', 'ToString', '__class__', '__delattr__', '__doc__', '__format__', '__getattribute__', '__hash__', '__init__', '__new__', '__reduce__', '__reduce_ex__', '__repr__', '__setattr__', '__sizeof__', '__str__', '__subclasshook__']
00:00:00.093	_InvokeMethodFast:MessageFromPython 789517
00:00:00.093	_InvokeMethodFast:Object System
00:00:00.093	_InvokeMethodFast:Object System.Drawing
00:00:00.109	_InvokeMethodFast:Object System.Windows.Forms
00:00:00.109	Invoke:Object System.XML
00:00:00.109	Invoke:Object MapWinInterfaces
00:00:00.171	Invoke:Object atcUtility
00:00:00.203	Invoke:Object atcControls
00:00:00.234	Invoke:Object atcData
00:00:00.265	Invoke:Object atcTimeseriesMath
00:00:00.296	Invoke:Object atcTimeseriesRDB
00:00:00.328	Invoke:Object atcGraph
00:00:00.390	Invoke:MapWindow.PluginInterfaces:ClassDir ['IBasePlugin', 'IMapWinGUI', 'IPluginInteraction', 'IProject', 'IProjectEvents', 'PluginTracker']
00:00:00.390	Invoke:atcUtility:ClassDir ['IatcTable', 'UtilColor', 'atcCollection', 'atcDateFormat', 'atcTable', 'atcTableArray', 'atcTableDBF', 'atcTableDelimited', 'atcTableFixed', 'atcTableFixedStreaming', 'atcTableOpener', 'atcTableRDB', 'atcUnitSystem', 'frmArgs', 'frmFeedback', 'modDate', 'modFile', 'modReflection', 'modString', 'modUnits']
00:00:00.390	Invoke:atcControls:ClassDir ['atcAlignment', 'atcConnectFields', 'atcGrid', 'atcGridSource', 'atcGridSourceRowColumnSwapper', 'atcGridSourceTable', 'atcSelectList', 'atcText', 'frmButtons', 'frmConnectFields']
00:00:00.390	Invoke:atcData:ClassDir ['atcAttributeDefinition', 'atcChooseDataGroupDates', 'atcDataAttributes', 'atcDataDisplay', 'atcDataGroup', 'atcDataManager', 'atcDataPlugin', 'atcDataSet', 'atcDataSource', 'atcDataTool', 'atcDefinedValue', 'atcSeasonYears', 'atcTimeseries', 'atcTimeseriesBuilder', 'atcTimeseriesGridSource', 'atcTimeseriesGroup', 'atcTimeseriesGroupBuilder', 'atcTimeseriesSource', 'frmSaveData', 'frmSelectDisplay', 'modMetData', 'modTimeseriesMath']
00:00:00.437	Invoke:atcData.atcDataSource:ClassDir ['AddDataSet', 'AddDataSets', 'Attributes', 'Author', 'AvailableOperations', 'BuildDate', 'CanOpen', 'CanRemoveDataset', 'CanSave', 'Category', 'Clear', 'DataSets', 'Description', 'EnumExistAction', 'Equals', 'Filter', 'GetHashCode', 'GetType', 'Icon', 'Initialize', 'ItemClicked', 'LayerRemoved', 'LayerSelected', 'LayersAdded', 'LayersCleared', 'LegendDoubleClick', 'LegendMouseDown', 'LegendMouseUp', 'MapDragFinished', 'MapExtentsChanged', 'MapMouseDown', 'MapMouseMove', 'MapMouseUp', 'MemberwiseClone', 'Message', 'Name', 'NewOne', 'Open', 'ProjectLoading', 'ProjectSaving', 'ReadData', 'ReferenceEquals', 'RemoveDataset', 'Save', 'SerialNumber', 'ShapesSelected', 'Specification', 'Terminate', 'ToString', 'Version', 'View', '__class__', '__delattr__', '__doc__', '__format__', '__getattribute__', '__hash__', '__init__', '__new__', '__reduce__', '__reduce_ex__', '__repr__', '__setattr__', '__sizeof__', '__str__', '__subclasshook__', 'pData', 'pMapWin', 'pMapWinWindowHandle', 'pMenusAdded']
00:00:00.484	Invoke:atcData.atcTimeseriesSource:ClassDir ['AddDataSet', 'AddDataSets', 'AddDatasets', 'Attributes', 'Author', 'AvailableOperations', 'BuildDate', 'CanOpen', 'CanRemoveDataset', 'CanSave', 'Category', 'Clear', 'DataSets', 'Description', 'EnumExistAction', 'Equals', 'Filter', 'GetHashCode', 'GetType', 'Icon', 'Initialize', 'ItemClicked', 'LayerRemoved', 'LayerSelected', 'LayersAdded', 'LayersCleared', 'LegendDoubleClick', 'LegendMouseDown', 'LegendMouseUp', 'MapDragFinished', 'MapExtentsChanged', 'MapMouseDown', 'MapMouseMove', 'MapMouseUp', 'MemberwiseClone', 'Message', 'Name', 'NewOne', 'Open', 'ProjectLoading', 'ProjectSaving', 'ReadData', 'ReferenceEquals', 'RemoveDataset', 'Save', 'SerialNumber', 'ShapesSelected', 'Specification', 'Terminate', 'ToString', 'Version', 'View', '__class__', '__delattr__', '__doc__', '__format__', '__getattribute__', '__hash__', '__init__', '__new__', '__reduce__', '__reduce_ex__', '__repr__', '__setattr__', '__sizeof__', '__str__', '__subclasshook__', 'pData', 'pMapWin', 'pMapWinWindowHandle', 'pMenusAdded']
00:00:00.484	Invoke:atcTimeseriesMath:ClassDir ['atcTimeseriesMath', 'frmSpecifyComputation']
00:00:00.484	_InvokeMethodFast:CreateAatcTimeseriesMath
00:00:00.484	GetNaN:GetNaN
00:00:00.484	GetNaN:StatusB4 1
00:00:00.484	GetNaN:StatusAf 0
00:00:00.500	Invoke:CreateDoneTimeseries::Math
00:00:00.500	Invoke:atcTimeseriesMath:ToString Timeseries::Math '' 0 datasets
00:00:00.531	Invoke:atcTimeseriesMath:AvailableOperations 20
00:00:00.562	Invoke:atcData.atcTimeseries:ClassDir ['Attributes', 'Clear', 'Clone', 'Dates', 'EnsureValuesRead', 'Equals', 'FirstNumeric', 'GetHashCode', 'GetType', 'IndexOfValue', 'MemberwiseClone', 'OriginalParent', 'ReferenceEquals', 'Serial', 'SetStringFormat', 'ToString', 'Value', 'ValueAttributeDefinitions', 'ValueAttributes', 'ValueAttributesExist', 'ValueAttributesGetValue', 'Values', 'ValuesNeedToBeRead', '__add__', '__class__', '__delattr__', '__div__', '__doc__', '__eq__', '__format__', '__getattribute__', '__hash__', '__init__', '__mul__', '__ne__', '__new__', '__radd__', '__rdiv__', '__reduce__', '__reduce_ex__', '__repr__', '__rmul__', '__rsub__', '__setattr__', '__sizeof__', '__str__', '__sub__', '__subclasshook__', 'numValues']
00:00:00.578	Invoke:atcData.modTimeseriesMath:ClassDir ['Aggregate', 'ComputePercentile', 'ComputePercentileSum', 'ComputeRanks', 'CopyBaseAttributes', 'DatasetOrGroupToGroup', 'DoMath', 'Equals', 'FillMissingByInterpolation', 'FillValues', 'FindDateAtOrAfter', 'FitLine', 'GetHashCode', 'GetType', 'MakeBins', 'MemberwiseClone', 'MergeDates', 'MergeTimeseries', 'NewDates', 'NewTimeseries', 'ReferenceEquals', 'SubsetByDate', 'SubsetByDateBoundary', 'ToString', '__class__', '__delattr__', '__doc__', '__format__', '__getattribute__', '__hash__', '__init__', '__new__', '__reduce__', '__reduce_ex__', '__repr__', '__setattr__', '__sizeof__', '__str__', '__subclasshook__']
00:00:00.609	Invoke:atcUtility.modDate:ClassDir ['CalcTimeUnitStep', 'Date2J', 'DateIntrvl', 'DumpDate', 'Equals', 'FormatTime', 'GetHashCode', 'GetType', 'HMS2J', 'INVMJD', 'J2Date', 'J2DateRounddown', 'J2HMS', 'JDateIntrvl', 'Jday', 'JulianHour', 'JulianMillisecond', 'JulianMinute', 'JulianModification', 'JulianMonth', 'JulianSecond', 'JulianYear', 'MJD', 'MemberwiseClone', 'MonthName3', 'ReferenceEquals', 'SecondsPerDay', 'StringToJdate', 'TIMADD', 'TimAddJ', 'TimDif', 'TimeSpanAsString', 'ToString', 'YearCount', '__class__', '__delattr__', '__doc__', '__format__', '__getattribute__', '__hash__', '__init__', '__new__', '__reduce__', '__reduce_ex__', '__repr__', '__setattr__', '__sizeof__', '__str__', '__subclasshook__', 'addUniqueDate', 'atcTimeUnit', 'atcTran', 'daymon', 'timcnv', 'timdifJ']
00:00:00.625	Invoke:Timeseries.numValues 100
