Line 121: Class ATCoCtl.ATCoDate of control ctlCompDate was not a loaded control class.
Line 167: Class ATCoCtl.ATCoText of control atxConst was not a loaded control class.
Line 190: Class ATCoCtl.ATCoText of control atxLat was not a loaded control class.
Line 213: Class ATCoCtl.ATCoText of control atxLat was not a loaded control class.
Line 236: Class ATCoCtl.ATCoText of control atxLat was not a loaded control class.
Line 259: Class ATCoCtl.ATCoText of control atxCoef was not a loaded control class.
Line 283: Class ATCoCtl.ATCoText of control atxCoef was not a loaded control class.
Line 307: Class ATCoCtl.ATCoText of control atxCoef was not a loaded control class.
Line 331: Class ATCoCtl.ATCoText of control atxCoef was not a loaded control class.
Line 355: Class ATCoCtl.ATCoText of control atxCoef was not a loaded control class.
Line 379: Class ATCoCtl.ATCoText of control atxCoef was not a loaded control class.
Line 403: Class ATCoCtl.ATCoText of control atxCoef was not a loaded control class.
Line 427: Class ATCoCtl.ATCoText of control atxCoef was not a loaded control class.
Line 451: Class ATCoCtl.ATCoText of control atxCoef was not a loaded control class.
Line 475: Class ATCoCtl.ATCoText of control atxCoef was not a loaded control class.
Line 499: Class ATCoCtl.ATCoText of control atxCoef was not a loaded control class.
Line 523: Class ATCoCtl.ATCoText of control atxCoef was not a loaded control class.
Line 547: Class ATCoCtl.ATCoText of control atxCoef was not a loaded control class.
Line 571: Class ATCoCtl.ATCoText of control atxCoef was not a loaded control class.
Line 595: Class ATCoCtl.ATCoText of control atxCoef was not a loaded control class.
Line 619: Class ATCoCtl.ATCoText of control atxCoef was not a loaded control class.
Line 643: Class ATCoCtl.ATCoText of control atxCoef was not a loaded control class.
Line 667: Class ATCoCtl.ATCoText of control atxCoef was not a loaded control class.
Line 691: Class ATCoCtl.ATCoText of control atxCoef was not a loaded control class.
Line 715: Class ATCoCtl.ATCoText of control atxCoef was not a loaded control class.
Line 739: Class ATCoCtl.ATCoText of control atxCoef was not a loaded control class.
Line 763: Class ATCoCtl.ATCoText of control atxCoef was not a loaded control class.
Line 787: Class ATCoCtl.ATCoText of control atxCoef was not a loaded control class.
Line 811: Class ATCoCtl.ATCoText of control atxCoef was not a loaded control class.
Line 835: Class ATCoCtl.ATCoText of control atxTolerance was not a loaded control class.
Line 858: Class ATCoCtl.ATCoText of control atxSummFile was not a loaded control class.
Line 1268: Class ATCoCtl.ATCoText of control atxOutDsn was not a loaded control class.
