00:00:00.031	_InvokeMethodFast:StartToFile 2009-11-25 05:09:34
00:00:00.078	_InvokeMethodFast:MapWinUtility:Colors:ClassDir ['ColorToInteger', 'ColorToUInteger', 'Equals', 'GetHashCode', 'GetRGB', 'GetType', 'HSLToRGB', 'IntegerToColor', 'MemberwiseClone', 'ReferenceEquals', 'ToString', '__class__', '__delattr__', '__doc__', '__format__', '__getattribute__', '__hash__', '__init__', '__new__', '__reduce__', '__reduce_ex__', '__repr__', '__setattr__', '__sizeof__', '__str__', '__subclasshook__']
00:00:00.093	_InvokeMethodFast:MessageFromPython 789517
00:00:00.093	_InvokeMethodFast:Object System
00:00:00.093	_InvokeMethodFast:Object System.Drawing
00:00:00.093	_InvokeMethodFast:Object System.Windows.Forms
00:00:00.109	Invoke:Object System.XML
00:00:00.109	Invoke:Object MapWinInterfaces
00:00:00.171	Invoke:Object atcUtility
00:00:00.203	Invoke:Object atcControls
00:00:00.234	Invoke:Object atcData
00:00:00.265	Invoke:Object atcTimeseriesMath
00:00:00.296	Invoke:Object atcTimeseriesRDB
00:00:00.312	Invoke:Object atcGraph
00:00:00.375	Invoke:Object atcDataTree
00:00:00.406	Invoke:Object ZedGraph
00:00:00.421	Invoke:MapWindow.PluginInterfaces:ClassDir ['IBasePlugin', 'IMapWinGUI', 'IPluginInteraction', 'IProject', 'IProjectEvents', 'PluginTracker']
00:00:00.421	Invoke:atcUtility:ClassDir ['IatcTable', 'UtilColor', 'atcCollection', 'atcDateFormat', 'atcTable', 'atcTableArray', 'atcTableDBF', 'atcTableDelimited', 'atcTableFixed', 'atcTableFixedStreaming', 'atcTableOpener', 'atcTableRDB', 'atcUnitSystem', 'frmArgs', 'frmFeedback', 'modDate', 'modFile', 'modReflection', 'modString', 'modUnits']
00:00:00.421	Invoke:atcControls:ClassDir ['atcAlignment', 'atcConnectFields', 'atcGrid', 'atcGridSource', 'atcGridSourceRowColumnSwapper', 'atcGridSourceTable', 'atcSelectList', 'atcText', 'frmButtons', 'frmConnectFields']
00:00:00.421	Invoke:atcData:ClassDir ['atcAttributeDefinition', 'atcChooseDataGroupDates', 'atcDataAttributes', 'atcDataDisplay', 'atcDataGroup', 'atcDataManager', 'atcDataPlugin', 'atcDataSet', 'atcDataSource', 'atcDataTool', 'atcDefinedValue', 'atcSeasonYears', 'atcTimeseries', 'atcTimeseriesBuilder', 'atcTimeseriesGridSource', 'atcTimeseriesGroup', 'atcTimeseriesGroupBuilder', 'atcTimeseriesSource', 'frmSaveData', 'frmSelectDisplay', 'modMetData', 'modTimeseriesMath']
00:00:00.468	Invoke:atcData.atcDataSource:ClassDir ['AddDataSet', 'AddDataSets', 'Attributes', 'Author', 'AvailableOperations', 'BuildDate', 'CanOpen', 'CanRemoveDataset', 'CanSave', 'Category', 'Clear', 'DataSets', 'Description', 'EnumExistAction', 'Equals', 'Filter', 'GetHashCode', 'GetType', 'Icon', 'Initialize', 'ItemClicked', 'LayerRemoved', 'LayerSelected', 'LayersAdded', 'LayersCleared', 'LegendDoubleClick', 'LegendMouseDown', 'LegendMouseUp', 'MapDragFinished', 'MapExtentsChanged', 'MapMouseDown', 'MapMouseMove', 'MapMouseUp', 'MemberwiseClone', 'Message', 'Name', 'NewOne', 'Open', 'ProjectLoading', 'ProjectSaving', 'ReadData', 'ReferenceEquals', 'RemoveDataset', 'Save', 'SerialNumber', 'ShapesSelected', 'Specification', 'Terminate', 'ToString', 'Version', 'View', '__class__', '__delattr__', '__doc__', '__format__', '__getattribute__', '__hash__', '__init__', '__new__', '__reduce__', '__reduce_ex__', '__repr__', '__setattr__', '__sizeof__', '__str__', '__subclasshook__', 'pData', 'pMapWin', 'pMapWinWindowHandle', 'pMenusAdded']
00:00:00.515	Invoke:atcData.atcTimeseriesSource:ClassDir ['AddDataSet', 'AddDataSets', 'AddDatasets', 'Attributes', 'Author', 'AvailableOperations', 'BuildDate', 'CanOpen', 'CanRemoveDataset', 'CanSave', 'Category', 'Clear', 'DataSets', 'Description', 'EnumExistAction', 'Equals', 'Filter', 'GetHashCode', 'GetType', 'Icon', 'Initialize', 'ItemClicked', 'LayerRemoved', 'LayerSelected', 'LayersAdded', 'LayersCleared', 'LegendDoubleClick', 'LegendMouseDown', 'LegendMouseUp', 'MapDragFinished', 'MapExtentsChanged', 'MapMouseDown', 'MapMouseMove', 'MapMouseUp', 'MemberwiseClone', 'Message', 'Name', 'NewOne', 'Open', 'ProjectLoading', 'ProjectSaving', 'ReadData', 'ReferenceEquals', 'RemoveDataset', 'Save', 'SerialNumber', 'ShapesSelected', 'Specification', 'Terminate', 'ToString', 'Version', 'View', '__class__', '__delattr__', '__doc__', '__format__', '__getattribute__', '__hash__', '__init__', '__new__', '__reduce__', '__reduce_ex__', '__repr__', '__setattr__', '__sizeof__', '__str__', '__subclasshook__', 'pData', 'pMapWin', 'pMapWinWindowHandle', 'pMenusAdded']
00:00:00.515	Invoke:atcTimeseriesMath:ClassDir ['atcTimeseriesMath', 'frmSpecifyComputation']
00:00:00.515	_InvokeMethodFast:CreateAatcTimeseriesMath
00:00:00.515	GetNaN:GetNaN
00:00:00.531	GetNaN:StatusB4 1
00:00:00.531	GetNaN:StatusAf 0
00:00:00.531	Invoke:CreateDoneTimeseries::Math
00:00:00.531	Invoke:atcTimeseriesMath:ToString Timeseries::Math '' 0 datasets
00:00:00.562	Invoke:atcTimeseriesMath:AvailableOperations 20
00:00:00.593	Invoke:atcData.atcTimeseries:ClassDir ['Attributes', 'Clear', 'Clone', 'Dates', 'EnsureValuesRead', 'Equals', 'FirstNumeric', 'GetHashCode', 'GetType', 'IndexOfValue', 'MemberwiseClone', 'OriginalParent', 'ReferenceEquals', 'Serial', 'SetStringFormat', 'ToString', 'Value', 'ValueAttributeDefinitions', 'ValueAttributes', 'ValueAttributesExist', 'ValueAttributesGetValue', 'Values', 'ValuesNeedToBeRead', '__add__', '__class__', '__delattr__', '__div__', '__doc__', '__eq__', '__format__', '__getattribute__', '__hash__', '__init__', '__mul__', '__ne__', '__new__', '__radd__', '__rdiv__', '__reduce__', '__reduce_ex__', '__repr__', '__rmul__', '__rsub__', '__setattr__', '__sizeof__', '__str__', '__sub__', '__subclasshook__', 'numValues']
00:00:00.625	Invoke:atcData.modTimeseriesMath:ClassDir ['Aggregate', 'ComputePercentile', 'ComputePercentileSum', 'ComputeRanks', 'CopyBaseAttributes', 'DatasetOrGroupToGroup', 'DoMath', 'Equals', 'FillMissingByInterpolation', 'FillValues', 'FindDateAtOrAfter', 'FitLine', 'GetHashCode', 'GetType', 'MakeBins', 'MemberwiseClone', 'MergeDates', 'MergeTimeseries', 'NewDates', 'NewTimeseries', 'ReferenceEquals', 'SubsetByDate', 'SubsetByDateBoundary', 'ToString', '__class__', '__delattr__', '__doc__', '__format__', '__getattribute__', '__hash__', '__init__', '__new__', '__reduce__', '__reduce_ex__', '__repr__', '__setattr__', '__sizeof__', '__str__', '__subclasshook__']
00:00:00.640	Invoke:atcUtility.modDate:ClassDir ['CalcTimeUnitStep', 'Date2J', 'DateIntrvl', 'DumpDate', 'Equals', 'FormatTime', 'GetHashCode', 'GetType', 'HMS2J', 'INVMJD', 'J2Date', 'J2DateRounddown', 'J2HMS', 'JDateIntrvl', 'Jday', 'JulianHour', 'JulianMillisecond', 'JulianMinute', 'JulianModification', 'JulianMonth', 'JulianSecond', 'JulianYear', 'MJD', 'MemberwiseClone', 'MonthName3', 'ReferenceEquals', 'SecondsPerDay', 'StringToJdate', 'TIMADD', 'TimAddJ', 'TimDif', 'TimeSpanAsString', 'ToString', 'YearCount', '__class__', '__delattr__', '__doc__', '__format__', '__getattribute__', '__hash__', '__init__', '__new__', '__reduce__', '__reduce_ex__', '__repr__', '__setattr__', '__sizeof__', '__str__', '__subclasshook__', 'addUniqueDate', 'atcTimeUnit', 'atcTran', 'daymon', 'timcnv', 'timdifJ']
00:00:00.656	Invoke:Timeseries.numValues 100
00:00:00.671	Invoke:TimeseriesGroupCount 1
00:00:00.750	Invoke:atcDataTree.atcDataTreePlugin:ClassDir ['Author', 'BuildDate', 'Category', 'Description', 'Equals', 'GetHashCode', 'GetType', 'Icon', 'Initialize', 'ItemClicked', 'LayerRemoved', 'LayerSelected', 'LayersAdded', 'LayersCleared', 'LegendDoubleClick', 'LegendMouseDown', 'LegendMouseUp', 'MapDragFinished', 'MapExtentsChanged', 'MapMouseDown', 'MapMouseMove', 'MapMouseUp', 'MemberwiseClone', 'Message', 'Name', 'NewOne', 'ProjectLoading', 'ProjectSaving', 'ReferenceEquals', 'Save', 'SerialNumber', 'ShapesSelected', 'Show', 'Terminate', 'ToString', 'Version', '__class__', '__delattr__', '__doc__', '__format__', '__getattribute__', '__hash__', '__init__', '__new__', '__reduce__', '__reduce_ex__', '__repr__', '__setattr__', '__sizeof__', '__str__', '__subclasshook__', 'pMapWin', 'pMapWinWindowHandle', 'pMenusAdded']
00:00:00.750	Invoke:atcDataTreePlugIn:Name Analysis::Data Tree
00:00:00.890	Invoke:ZedGraph:ClassDir ['AlignH', 'AlignP', 'AlignV', 'ArrowObj', 'Axis', 'AxisLabel', 'AxisType', 'Bar', 'BarBase', 'BarItem', 'BarSettings', 'BarType', 'BasicArrayPointList', 'Border', 'BoxObj', 'Chart', 'CollectionPlus', 'ColorSymbolRotator', 'CoordType', 'CurveItem', 'CurveList', 'DataPoint', 'DataSourcePointList', 'DateUnit', 'EllipseObj', 'ErrorBar', 'ErrorBarItem', 'Fill', 'FillType', 'FilteredPointList', 'FontSpec', 'GapLabel', 'GasGaugeNeedle', 'GasGaugeRegion', 'GraphObj', 'GraphObjList', 'GraphPane', 'HSBColor', 'HiLowBarItem', 'IPointList', 'IPointListEdit', 'ImageObj', 'JapaneseCandleStick', 'JapaneseCandleStickItem', 'Label', 'Legend', 'LegendPos', 'Line', 'LineBase', 'LineItem', 'LineObj', 'LineType', 'Link', 'Location', 'MajorGrid', 'MajorTic', 'Margin', 'MasterPane', 'MinorGrid', 'MinorTic', 'NoDupePointList', 'OHLCBar', 'OHLCBarItem', 'PaneBase', 'PaneLayout', 'PaneLayoutMgr', 'PaneList', 'PerfDataType', 'PerformanceData', 'PieItem', 'PieLabelType', 'PointD', 'PointPair', 'PointPair4', 'PointPairBase', 'PointPairCV', 'PointPairList', 'PolyObj', 'ProbabilityScale', 'RadarPointList', 'RenderModeType', 'RollingPointPairList', 'Sample', 'SampleMultiPointList', 'SamplePointList', 'SampleType', 'Scale', 'ScaleState', 'ScaleStateList', 'ScrollRange', 'ScrollRangeList', 'Selection', 'SortType', 'StepType', 'StickItem', 'StockPointList', 'StockPt', 'Symbol', 'SymbolType', 'TextObj', 'ValueHandler', 'X2Axis', 'XAxis', 'XDate', 'Y2Axis', 'Y2AxisList', 'YAxis', 'YAxisList', 'ZOrder', 'ZedGraphControl', 'ZedGraphException', 'ZoomState', 'ZoomStateStack', 'frmEdit']
00:00:00.906	Invoke:atcGraph.modGraph:ClassDir ['AddLine', 'AddTimeseriesCurve', 'AddTimeseriesCurves', 'AxisTitlesFromCommonAttributes', 'CreateZgc', 'EnableAuxAxis', 'Equals', 'FindYAxis', 'FormatPaneWithDefaults', 'GetHashCode', 'GetType', 'MemberwiseClone', 'ReferenceEquals', 'ScaleAxis', 'Scalit', 'SetGraphSpecs', 'TSCurveLabel', 'TimeUnitName', 'ToString', '__class__', '__delattr__', '__doc__', '__format__', '__getattribute__', '__hash__', '__init__', '__new__', '__reduce__', '__reduce_ex__', '__repr__', '__setattr__', '__sizeof__', '__str__', '__subclasshook__']
00:00:01.156	Invoke:ZedGraphVersion 5.1.3.0
